2021-11-16 00:00:07,580 INFO  [qtp1027007693-122:https://localhost:7071/service/admin/soap/AuthRequest] [name=zimbra;ua=zmprov/8.7.6_GA;soapId=b8062bc;] security - cmd=AdminAuth; account=zimbra;
2021-11-16 00:00:07,584 INFO  [qtp1027007693-122:https://localhost:7071/service/admin/soap/AuthRequest] [name=zimbra;ua=zmprov/8.7.6_GA;soapId=b8062bc;] security - cmd=Auth; account=zimbra; protocol=soap;
2021-11-16 00:10:06,628 INFO  [qtp1027007693-122:https://localhost:7071/service/admin/soap/AuthRequest] [name=zimbra;ua=zmprov/8.7.6_GA;soapId=b8062be;] security - cmd=AdminAuth; account=zimbra;
2021-11-16 00:10:06,659 INFO  [qtp1027007693-122:https://localhost:7071/service/admin/soap/AuthRequest] [name=zimbra;ua=zmprov/8.7.6_GA;soapId=b8062be;] security - cmd=Auth; account=zimbra; protocol=soap;
2021-11-16 00:18:06,474 INFO  [qtp1027007693-139:https://localhost:7071/service/admin/soap/AuthRequest] [name=zimbra;ua=zmcheckversion/8.7.6_GA;soapId=b8062c0;] security - cmd=AdminAuth; account=zimbra;
2021-11-16 00:18:06,502 INFO  [qtp1027007693-139:https://localhost:7071/service/admin/soap/AuthRequest] [name=zimbra;ua=zmcheckversion/8.7.6_GA;soapId=b8062c0;] security - cmd=Auth; account=zimbra; protocol=soap;
2021-11-16 00:20:06,623 INFO  [qtp1027007693-133:https://localhost:7071/service/admin/soap/AuthRequest] [name=zimbra;ua=zmprov/8.7.6_GA;soapId=b8062c2;] security - cmd=AdminAuth; account=zimbra;
2021-11-16 00:20:06,626 INFO  [qtp1027007693-133:https://localhost:7071/service/admin/soap/AuthRequest] [name=zimbra;ua=zmprov/8.7.6_GA;soapId=b8062c2;] security - cmd=Auth; account=zimbra; protocol=soap;
2021-11-16 00:30:06,856 INFO  [qtp1027007693-133:https://localhost:7071/service/admin/soap/AuthRequest] [name=zimbra;ua=zmprov/8.7.6_GA;soapId=b8062c4;] security - cmd=AdminAuth; account=zimbra;
2021-11-16 00:30:06,867 INFO  [qtp1027007693-133:https://localhost:7071/service/admin/soap/AuthRequest] [name=zimbra;ua=zmprov/8.7.6_GA;soapId=b8062c4;] security - cmd=Auth; account=zimbra; protocol=soap;
2021-11-16 00:40:07,793 INFO  [qtp1027007693-133:https://localhost:7071/service/admin/soap/AuthRequest] [name=zimbra;ua=zmprov/8.7.6_GA;soapId=b8062c6;] security - cmd=AdminAuth; account=zimbra;
2021-11-16 00:40:07,795 INFO  [qtp1027007693-133:https://localhost:7071/service/admin/soap/AuthRequest] [name=zimbra;ua=zmprov/8.7.6_GA;soapId=b8062c6;] security - cmd=Auth; account=zimbra; protocol=soap;
2021-11-16 00:50:08,470 INFO  [qtp1027007693-133:https://localhost:7071/service/admin/soap/AuthRequest] [name=zimbra;ua=zmprov/8.7.6_GA;soapId=b8062c8;] security - cmd=AdminAuth; account=zimbra;
2021-11-16 00:50:08,485 INFO  [qtp1027007693-133:https://localhost:7071/service/admin/soap/AuthRequest] [name=zimbra;ua=zmprov/8.7.6_GA;soapId=b8062c8;] security - cmd=Auth; account=zimbra; protocol=soap;
2021-11-16 01:00:08,056 INFO  [qtp1027007693-154:https://localhost:7071/service/admin/soap/AuthRequest] [name=zimbra;ua=zmprov/8.7.6_GA;soapId=b8062ca;] security - cmd=AdminAuth; account=zimbra;
2021-11-16 01:00:08,060 INFO  [qtp1027007693-154:https://localhost:7071/service/admin/soap/AuthRequest] [name=zimbra;ua=zmprov/8.7.6_GA;soapId=b8062ca;] security - cmd=Auth; account=zimbra; protocol=soap;
2021-11-16 01:10:07,894 INFO  [qtp1027007693-162:https://localhost:7071/service/admin/soap/AuthRequest] [name=zimbra;ua=zmprov/8.7.6_GA;soapId=b8062cc;] security - cmd=AdminAuth; account=zimbra;
2021-11-16 01:10:07,902 INFO  [qtp1027007693-162:https://localhost:7071/service/admin/soap/AuthRequest] [name=zimbra;ua=zmprov/8.7.6_GA;soapId=b8062cc;] security - cmd=Auth; account=zimbra; protocol=soap;
2021-11-16 01:20:07,770 INFO  [qtp1027007693-162:https://localhost:7071/service/admin/soap/AuthRequest] [name=zimbra;ua=zmprov/8.7.6_GA;soapId=b8062ce;] security - cmd=AdminAuth; account=zimbra;
2021-11-16 01:20:07,775 INFO  [qtp1027007693-162:https://localhost:7071/service/admin/soap/AuthRequest] [name=zimbra;ua=zmprov/8.7.6_GA;soapId=b8062ce;] security - cmd=Auth; account=zimbra; protocol=soap;
2021-11-16 01:30:09,321 INFO  [qtp1027007693-167:https://localhost:7071/service/admin/soap/AuthRequest] [name=zimbra;ua=zmprov/8.7.6_GA;soapId=b8062d0;] security - cmd=AdminAuth; account=zimbra;
2021-11-16 01:30:09,323 INFO  [qtp1027007693-167:https://localhost:7071/service/admin/soap/AuthRequest] [name=zimbra;ua=zmprov/8.7.6_GA;soapId=b8062d0;] security - cmd=Auth; account=zimbra; protocol=soap;
2021-11-16 01:32:58,358 INFO  [qtp1027007693-176:https://localhost:7071/service/admin/soap/AuthRequest] [name=zimbra;ua=ZCS/8.7.6_GA;soapId=b8062d2;] security - cmd=AdminAuth; account=zimbra;
2021-11-16 01:32:58,359 INFO  [qtp1027007693-176:https://localhost:7071/service/admin/soap/AuthRequest] [name=zimbra;ua=ZCS/8.7.6_GA;soapId=b8062d2;] security - cmd=Auth; account=zimbra; protocol=soap;
2021-11-16 01:33:06,416 INFO  [qtp1027007693-176:https://localhost:7071/service/admin/soap/AuthRequest] [name=zimbra;ua=ZCS/8.7.6_GA;soapId=b8062d4;] security - cmd=AdminAuth; account=zimbra;
2021-11-16 01:33:06,419 INFO  [qtp1027007693-176:https://localhost:7071/service/admin/soap/AuthRequest] [name=zimbra;ua=ZCS/8.7.6_GA;soapId=b8062d4;] security - cmd=Auth; account=zimbra; protocol=soap;
2021-11-16 01:35:04,057 INFO  [qtp1027007693-174:https://192.168.1.9:7071/service/admin/soap/AuthRequest] [name=admin@mail.nhk.com;ip=192.168.1.2;port=14754;ua=ZimbraWebClient - GC80 (Win);soapId=b8062dc;] security - cmd=AdminAuth; account=admin;
2021-11-16 01:35:04,060 INFO  [qtp1027007693-174:https://192.168.1.9:7071/service/admin/soap/AuthRequest] [name=admin@mail.nhk.com;ip=192.168.1.2;port=14754;ua=ZimbraWebClient - GC80 (Win);soapId=b8062dc;] security - cmd=Auth; account=admin@mail.nhk.com; protocol=soap;
2021-11-16 01:35:07,094 INFO  [qtp1027007693-177:https://localhost:7071/service/admin/soap/AuthRequest] [name=zimbra;ua=ZCS/8.7.6_GA;soapId=b8062e0;] security - cmd=AdminAuth; account=zimbra;
2021-11-16 01:35:07,096 INFO  [qtp1027007693-177:https://localhost:7071/service/admin/soap/AuthRequest] [name=zimbra;ua=ZCS/8.7.6_GA;soapId=b8062e0;] security - cmd=Auth; account=zimbra; protocol=soap;
2021-11-16 01:40:09,184 INFO  [qtp1027007693-177:https://localhost:7071/service/admin/soap/AuthRequest] [name=zimbra;ua=zmprov/8.7.6_GA;soapId=b806348;] security - cmd=AdminAuth; account=zimbra;
2021-11-16 01:40:09,189 INFO  [qtp1027007693-177:https://localhost:7071/service/admin/soap/AuthRequest] [name=zimbra;ua=zmprov/8.7.6_GA;soapId=b806348;] security - cmd=Auth; account=zimbra; protocol=soap;
2021-11-16 01:50:11,239 INFO  [qtp1027007693-413:https://localhost:7071/service/admin/soap/AuthRequest] [name=zimbra;ua=zmprov/8.7.6_GA;soapId=b80636b;] security - cmd=AdminAuth; account=zimbra;
2021-11-16 01:50:11,250 INFO  [qtp1027007693-413:https://localhost:7071/service/admin/soap/AuthRequest] [name=zimbra;ua=zmprov/8.7.6_GA;soapId=b80636b;] security - cmd=Auth; account=zimbra; protocol=soap;
2021-11-16 02:00:07,702 INFO  [qtp1027007693-407:https://localhost:7071/service/admin/soap/AuthRequest] [name=zimbra;ua=zmprov/8.7.6_GA;soapId=b806372;] security - cmd=AdminAuth; account=zimbra;
2021-11-16 02:00:07,703 INFO  [qtp1027007693-407:https://localhost:7071/service/admin/soap/AuthRequest] [name=zimbra;ua=zmprov/8.7.6_GA;soapId=b806372;] security - cmd=Auth; account=zimbra; protocol=soap;
2021-11-16 02:10:07,607 INFO  [qtp1027007693-450:https://localhost:7071/service/admin/soap/AuthRequest] [name=zimbra;ua=zmprov/8.7.6_GA;soapId=b806379;] security - cmd=AdminAuth; account=zimbra;
2021-11-16 02:10:07,611 INFO  [qtp1027007693-450:https://localhost:7071/service/admin/soap/AuthRequest] [name=zimbra;ua=zmprov/8.7.6_GA;soapId=b806379;] security - cmd=Auth; account=zimbra; protocol=soap;
2021-11-16 02:15:05,175 INFO  [qtp1027007693-467:https://localhost:7071/service/admin/soap/AuthRequest] [name=zimbra;ua=zmsoap;soapId=b80637d;] security - cmd=AdminAuth; account=zimbra;
2021-11-16 02:15:05,177 INFO  [qtp1027007693-467:https://localhost:7071/service/admin/soap/AuthRequest] [name=zimbra;ua=zmsoap;soapId=b80637d;] security - cmd=Auth; account=zimbra; protocol=soap;
2021-11-16 02:20:07,933 INFO  [qtp1027007693-476:https://localhost:7071/service/admin/soap/AuthRequest] [name=zimbra;ua=zmprov/8.7.6_GA;soapId=b806383;] security - cmd=AdminAuth; account=zimbra;
2021-11-16 02:20:07,945 INFO  [qtp1027007693-476:https://localhost:7071/service/admin/soap/AuthRequest] [name=zimbra;ua=zmprov/8.7.6_GA;soapId=b806383;] security - cmd=Auth; account=zimbra; protocol=soap;
2021-11-16 02:30:10,489 INFO  [qtp1027007693-501:https://localhost:7071/service/admin/soap/AuthRequest] [name=zimbra;ua=zmprov/8.7.6_GA;soapId=b80638a;] security - cmd=AdminAuth; account=zimbra;
2021-11-16 02:30:10,495 INFO  [qtp1027007693-501:https://localhost:7071/service/admin/soap/AuthRequest] [name=zimbra;ua=zmprov/8.7.6_GA;soapId=b80638a;] security - cmd=Auth; account=zimbra; protocol=soap;
2021-11-16 02:50:07,320 INFO  [qtp1027007693-16:https://localhost:7071/service/admin/soap/AuthRequest] [name=zimbra;ua=zmprov/8.7.6_GA;soapId=13fe4574;] security - cmd=AdminAuth; account=zimbra;
2021-11-16 02:50:07,338 INFO  [qtp1027007693-16:https://localhost:7071/service/admin/soap/AuthRequest] [name=zimbra;ua=zmprov/8.7.6_GA;soapId=13fe4574;] security - cmd=Auth; account=zimbra; protocol=soap;
2021-11-16 03:00:07,240 INFO  [qtp1027007693-16:https://localhost:7071/service/admin/soap/AuthRequest] [name=zimbra;ua=zmprov/8.7.6_GA;soapId=13fe4576;] security - cmd=AdminAuth; account=zimbra;
2021-11-16 03:00:07,275 INFO  [qtp1027007693-16:https://localhost:7071/service/admin/soap/AuthRequest] [name=zimbra;ua=zmprov/8.7.6_GA;soapId=13fe4576;] security - cmd=Auth; account=zimbra; protocol=soap;
2021-11-16 03:10:18,591 INFO  [qtp1027007693-121:https://localhost:7071/service/admin/soap/AuthRequest] [name=zimbra;ua=zmprov/8.7.6_GA;soapId=1afb318b;] security - cmd=AdminAuth; account=zimbra;
2021-11-16 03:10:18,796 INFO  [qtp1027007693-121:https://localhost:7071/service/admin/soap/AuthRequest] [name=zimbra;ua=zmprov/8.7.6_GA;soapId=1afb318b;] security - cmd=Auth; account=zimbra; protocol=soap;
2021-11-16 03:11:16,556 INFO  [qtp1027007693-121:https://localhost:7071/service/admin/soap/AuthRequest] [name=zimbra;ua=ZCS/8.7.6_GA;soapId=1afb318e;] security - cmd=AdminAuth; account=zimbra;
2021-11-16 03:11:16,558 INFO  [qtp1027007693-121:https://localhost:7071/service/admin/soap/AuthRequest] [name=zimbra;ua=ZCS/8.7.6_GA;soapId=1afb318e;] security - cmd=Auth; account=zimbra; protocol=soap;
2021-11-16 03:11:37,121 INFO  [qtp1027007693-121:https://localhost:7071/service/admin/soap/AuthRequest] [name=zimbra;ua=ZCS/8.7.6_GA;soapId=1afb3194;] security - cmd=AdminAuth; account=zimbra;
2021-11-16 03:11:37,126 INFO  [qtp1027007693-121:https://localhost:7071/service/admin/soap/AuthRequest] [name=zimbra;ua=ZCS/8.7.6_GA;soapId=1afb3194;] security - cmd=Auth; account=zimbra; protocol=soap;
2021-11-16 03:11:37,198 INFO  [qtp1027007693-18://localhost:8080/service/soap/BatchRequest] [name=admin@mail.nhk.com;oip=192.168.1.9;ua=zclient/8.7.6_GA;soapId=1afb3196;] security - cmd=Auth; account=admin@mail.nhk.com; protocol=soap;
2021-11-16 03:11:39,536 INFO  [qtp1027007693-134://localhost:8080/service/soap/BatchRequest] [name=admin@mail.nhk.com;oip=192.168.1.9;ua=zclient/8.7.6_GA;soapId=1afb3197;] security - cmd=Auth; account=admin@mail.nhk.com; protocol=soap;
2021-11-16 03:11:52,278 INFO  [qtp1027007693-134:https://localhost:7071/service/admin/soap/AuthRequest] [name=zimbra;ua=ZCS/8.7.6_GA;soapId=1afb31a9;] security - cmd=AdminAuth; account=zimbra;
2021-11-16 03:11:52,303 INFO  [qtp1027007693-134:https://localhost:7071/service/admin/soap/AuthRequest] [name=zimbra;ua=ZCS/8.7.6_GA;soapId=1afb31a9;] security - cmd=Auth; account=zimbra; protocol=soap;
2021-11-16 03:11:52,372 INFO  [qtp1027007693-136:https://localhost:7071/service/admin/soap/AuthRequest] [name=zimbra;ua=ZCS/8.7.6_GA;soapId=1afb31ab;] security - cmd=AdminAuth; account=zimbra;
2021-11-16 03:11:52,374 INFO  [qtp1027007693-136:https://localhost:7071/service/admin/soap/AuthRequest] [name=zimbra;ua=ZCS/8.7.6_GA;soapId=1afb31ab;] security - cmd=Auth; account=zimbra; protocol=soap;
2021-11-16 03:20:09,425 INFO  [qtp1027007693-184:https://localhost:7071/service/admin/soap/AuthRequest] [name=zimbra;ua=zmprov/8.7.6_GA;soapId=1afb31e6;] security - cmd=AdminAuth; account=zimbra;
2021-11-16 03:20:09,427 INFO  [qtp1027007693-184:https://localhost:7071/service/admin/soap/AuthRequest] [name=zimbra;ua=zmprov/8.7.6_GA;soapId=1afb31e6;] security - cmd=Auth; account=zimbra; protocol=soap;
2021-11-16 03:30:08,359 INFO  [qtp1027007693-189:https://localhost:7071/service/admin/soap/AuthRequest] [name=zimbra;ua=zmprov/8.7.6_GA;soapId=1afb3218;] security - cmd=AdminAuth; account=zimbra;
2021-11-16 03:30:08,363 INFO  [qtp1027007693-189:https://localhost:7071/service/admin/soap/AuthRequest] [name=zimbra;ua=zmprov/8.7.6_GA;soapId=1afb3218;] security - cmd=Auth; account=zimbra; protocol=soap;
2021-11-16 03:40:06,826 INFO  [qtp1027007693-241:https://localhost:7071/service/admin/soap/AuthRequest] [name=zimbra;ua=zmprov/8.7.6_GA;soapId=1afb3246;] security - cmd=AdminAuth; account=zimbra;
2021-11-16 03:40:06,828 INFO  [qtp1027007693-241:https://localhost:7071/service/admin/soap/AuthRequest] [name=zimbra;ua=zmprov/8.7.6_GA;soapId=1afb3246;] security - cmd=Auth; account=zimbra; protocol=soap;
2021-11-16 03:50:07,252 INFO  [qtp1027007693-332:https://localhost:7071/service/admin/soap/AuthRequest] [name=zimbra;ua=zmprov/8.7.6_GA;soapId=1afb3276;] security - cmd=AdminAuth; account=zimbra;
2021-11-16 03:50:07,257 INFO  [qtp1027007693-332:https://localhost:7071/service/admin/soap/AuthRequest] [name=zimbra;ua=zmprov/8.7.6_GA;soapId=1afb3276;] security - cmd=Auth; account=zimbra; protocol=soap;
2021-11-16 04:00:06,474 INFO  [qtp1027007693-332:https://localhost:7071/service/admin/soap/AuthRequest] [name=zimbra;ua=zmprov/8.7.6_GA;soapId=1afb32a9;] security - cmd=AdminAuth; account=zimbra;
2021-11-16 04:00:06,476 INFO  [qtp1027007693-332:https://localhost:7071/service/admin/soap/AuthRequest] [name=zimbra;ua=zmprov/8.7.6_GA;soapId=1afb32a9;] security - cmd=Auth; account=zimbra; protocol=soap;
2021-11-16 04:10:06,995 INFO  [qtp1027007693-384:https://localhost:7071/service/admin/soap/AuthRequest] [name=zimbra;ua=zmprov/8.7.6_GA;soapId=1afb32dc;] security - cmd=AdminAuth; account=zimbra;
2021-11-16 04:10:07,004 INFO  [qtp1027007693-384:https://localhost:7071/service/admin/soap/AuthRequest] [name=zimbra;ua=zmprov/8.7.6_GA;soapId=1afb32dc;] security - cmd=Auth; account=zimbra; protocol=soap;
2021-11-16 04:20:10,983 INFO  [qtp1027007693-466:https://localhost:7071/service/admin/soap/AuthRequest] [name=zimbra;ua=zmprov/8.7.6_GA;soapId=1afb331f;] security - cmd=AdminAuth; account=zimbra;
2021-11-16 04:20:10,996 INFO  [qtp1027007693-466:https://localhost:7071/service/admin/soap/AuthRequest] [name=zimbra;ua=zmprov/8.7.6_GA;soapId=1afb331f;] security - cmd=Auth; account=zimbra; protocol=soap;
2021-11-16 04:30:12,853 INFO  [qtp1027007693-455:https://localhost:7071/service/admin/soap/AuthRequest] [name=zimbra;ua=zmprov/8.7.6_GA;soapId=1afb3352;] security - cmd=AdminAuth; account=zimbra;
2021-11-16 04:30:12,864 INFO  [qtp1027007693-455:https://localhost:7071/service/admin/soap/AuthRequest] [name=zimbra;ua=zmprov/8.7.6_GA;soapId=1afb3352;] security - cmd=Auth; account=zimbra; protocol=soap;
2021-11-16 04:40:07,959 INFO  [qtp1027007693-588:https://localhost:7071/service/admin/soap/AuthRequest] [name=zimbra;ua=zmprov/8.7.6_GA;soapId=1afb3384;] security - cmd=AdminAuth; account=zimbra;
2021-11-16 04:40:07,960 INFO  [qtp1027007693-588:https://localhost:7071/service/admin/soap/AuthRequest] [name=zimbra;ua=zmprov/8.7.6_GA;soapId=1afb3384;] security - cmd=Auth; account=zimbra; protocol=soap;
2021-11-16 04:50:07,778 INFO  [qtp1027007693-455:https://localhost:7071/service/admin/soap/AuthRequest] [name=zimbra;ua=zmprov/8.7.6_GA;soapId=1afb33b7;] security - cmd=AdminAuth; account=zimbra;
2021-11-16 04:50:07,781 INFO  [qtp1027007693-455:https://localhost:7071/service/admin/soap/AuthRequest] [name=zimbra;ua=zmprov/8.7.6_GA;soapId=1afb33b7;] security - cmd=Auth; account=zimbra; protocol=soap;
2021-11-16 05:00:07,576 INFO  [qtp1027007693-616:https://localhost:7071/service/admin/soap/AuthRequest] [name=zimbra;ua=zmprov/8.7.6_GA;soapId=1afb33ea;] security - cmd=AdminAuth; account=zimbra;
2021-11-16 05:00:07,578 INFO  [qtp1027007693-616:https://localhost:7071/service/admin/soap/AuthRequest] [name=zimbra;ua=zmprov/8.7.6_GA;soapId=1afb33ea;] security - cmd=Auth; account=zimbra; protocol=soap;
2021-11-16 05:10:08,101 INFO  [qtp1027007693-698:https://localhost:7071/service/admin/soap/AuthRequest] [name=zimbra;ua=zmprov/8.7.6_GA;soapId=1afb341d;] security - cmd=AdminAuth; account=zimbra;
2021-11-16 05:10:08,113 INFO  [qtp1027007693-698:https://localhost:7071/service/admin/soap/AuthRequest] [name=zimbra;ua=zmprov/8.7.6_GA;soapId=1afb341d;] security - cmd=Auth; account=zimbra; protocol=soap;
2021-11-16 05:20:07,923 INFO  [qtp1027007693-716:https://localhost:7071/service/admin/soap/AuthRequest] [name=zimbra;ua=zmprov/8.7.6_GA;soapId=1afb3450;] security - cmd=AdminAuth; account=zimbra;
2021-11-16 05:20:07,926 INFO  [qtp1027007693-716:https://localhost:7071/service/admin/soap/AuthRequest] [name=zimbra;ua=zmprov/8.7.6_GA;soapId=1afb3450;] security - cmd=Auth; account=zimbra; protocol=soap;
2021-11-16 05:29:20,870 INFO  [qtp1027007693-794:https://localhost:7071/service/admin/soap/AuthRequest] [name=zimbra;ua=zmprov/8.7.6_GA;soapId=1afb3481;] security - cmd=AdminAuth; account=zimbra;
2021-11-16 05:29:20,872 INFO  [qtp1027007693-794:https://localhost:7071/service/admin/soap/AuthRequest] [name=zimbra;ua=zmprov/8.7.6_GA;soapId=1afb3481;] security - cmd=Auth; account=zimbra; protocol=soap;
2021-11-16 05:29:39,929 INFO  [qtp1027007693-783:https://localhost:7071/service/admin/soap/AuthRequest] [name=zimbra;ua=zmprov/8.7.6_GA;soapId=1afb3485;] security - cmd=AdminAuth; account=zimbra;
2021-11-16 05:29:39,930 INFO  [qtp1027007693-783:https://localhost:7071/service/admin/soap/AuthRequest] [name=zimbra;ua=zmprov/8.7.6_GA;soapId=1afb3485;] security - cmd=Auth; account=zimbra; protocol=soap;
2021-11-16 05:30:08,186 INFO  [qtp1027007693-783:https://localhost:7071/service/admin/soap/AuthRequest] [name=zimbra;ua=zmprov/8.7.6_GA;soapId=1afb3489;] security - cmd=AdminAuth; account=zimbra;
2021-11-16 05:30:08,189 INFO  [qtp1027007693-783:https://localhost:7071/service/admin/soap/AuthRequest] [name=zimbra;ua=zmprov/8.7.6_GA;soapId=1afb3489;] security - cmd=Auth; account=zimbra; protocol=soap;
2021-11-16 05:30:18,003 INFO  [qtp1027007693-794:https://localhost:7071/service/admin/soap/AuthRequest] [name=zimbra;ua=zmprov/8.7.6_GA;soapId=1afb348b;] security - cmd=AdminAuth; account=zimbra;
2021-11-16 05:30:18,005 INFO  [qtp1027007693-794:https://localhost:7071/service/admin/soap/AuthRequest] [name=zimbra;ua=zmprov/8.7.6_GA;soapId=1afb348b;] security - cmd=Auth; account=zimbra; protocol=soap;
2021-11-16 05:31:24,161 INFO  [qtp1027007693-794:https://localhost:7071/service/admin/soap/AuthRequest] [name=zimbra;ua=zmprov/8.7.6_GA;soapId=1afb3494;] security - cmd=AdminAuth; account=zimbra;
2021-11-16 05:31:24,162 INFO  [qtp1027007693-794:https://localhost:7071/service/admin/soap/AuthRequest] [name=zimbra;ua=zmprov/8.7.6_GA;soapId=1afb3494;] security - cmd=Auth; account=zimbra; protocol=soap;
2021-11-16 05:32:00,185 INFO  [qtp1027007693-812:https://localhost:7071/service/admin/soap/AuthRequest] [name=zimbra;ua=zmprov/8.7.6_GA;soapId=1afb3497;] security - cmd=AdminAuth; account=zimbra;
2021-11-16 05:32:00,187 INFO  [qtp1027007693-812:https://localhost:7071/service/admin/soap/AuthRequest] [name=zimbra;ua=zmprov/8.7.6_GA;soapId=1afb3497;] security - cmd=Auth; account=zimbra; protocol=soap;
2021-11-16 05:32:04,903 INFO  [qtp1027007693-783:https://localhost:7071/service/admin/soap/ModifyConfigRequest] [name=zimbra;ua=zmprov/8.7.6_GA;soapId=1afb3499;] security - cmd=ModifyConfig; zimbraMtaMaxMessageSize=44040192;
2021-11-16 05:36:03,012 INFO  [qtp1027007693-131:https://localhost:7071/service/admin/soap/AuthRequest] [name=zimbra;ua=ZCS/8.7.6_GA;soapId=634b1089;] security - cmd=AdminAuth; account=zimbra;
2021-11-16 05:36:03,120 INFO  [qtp1027007693-131:https://localhost:7071/service/admin/soap/AuthRequest] [name=zimbra;ua=ZCS/8.7.6_GA;soapId=634b1089;] security - cmd=Auth; account=zimbra; protocol=soap;
2021-11-16 05:36:11,368 INFO  [qtp1027007693-130:https://localhost:7071/service/admin/soap/AuthRequest] [name=zimbra;ua=ZCS/8.7.6_GA;soapId=634b108c;] security - cmd=AdminAuth; account=zimbra;
2021-11-16 05:36:11,390 INFO  [qtp1027007693-130:https://localhost:7071/service/admin/soap/AuthRequest] [name=zimbra;ua=ZCS/8.7.6_GA;soapId=634b108c;] security - cmd=Auth; account=zimbra; protocol=soap;
2021-11-16 05:40:09,675 INFO  [qtp1027007693-130:https://localhost:7071/service/admin/soap/AuthRequest] [name=zimbra;ua=zmprov/8.7.6_GA;soapId=634b10a7;] security - cmd=AdminAuth; account=zimbra;
2021-11-16 05:40:09,700 INFO  [qtp1027007693-130:https://localhost:7071/service/admin/soap/AuthRequest] [name=zimbra;ua=zmprov/8.7.6_GA;soapId=634b10a7;] security - cmd=Auth; account=zimbra; protocol=soap;
2021-11-16 05:50:07,794 INFO  [qtp1027007693-130:https://localhost:7071/service/admin/soap/AuthRequest] [name=zimbra;ua=zmprov/8.7.6_GA;soapId=634b10d5;] security - cmd=AdminAuth; account=zimbra;
2021-11-16 05:50:07,798 INFO  [qtp1027007693-130:https://localhost:7071/service/admin/soap/AuthRequest] [name=zimbra;ua=zmprov/8.7.6_GA;soapId=634b10d5;] security - cmd=Auth; account=zimbra; protocol=soap;
2021-11-16 06:00:07,651 INFO  [qtp1027007693-130:https://localhost:7071/service/admin/soap/AuthRequest] [name=zimbra;ua=zmprov/8.7.6_GA;soapId=634b1103;] security - cmd=AdminAuth; account=zimbra;
2021-11-16 06:00:07,661 INFO  [qtp1027007693-130:https://localhost:7071/service/admin/soap/AuthRequest] [name=zimbra;ua=zmprov/8.7.6_GA;soapId=634b1103;] security - cmd=Auth; account=zimbra; protocol=soap;
2021-11-16 06:10:08,112 INFO  [qtp1027007693-272:https://localhost:7071/service/admin/soap/AuthRequest] [name=zimbra;ua=zmprov/8.7.6_GA;soapId=634b1131;] security - cmd=AdminAuth; account=zimbra;
2021-11-16 06:10:08,114 INFO  [qtp1027007693-272:https://localhost:7071/service/admin/soap/AuthRequest] [name=zimbra;ua=zmprov/8.7.6_GA;soapId=634b1131;] security - cmd=Auth; account=zimbra; protocol=soap;
2021-11-16 06:20:07,621 INFO  [qtp1027007693-272:https://localhost:7071/service/admin/soap/AuthRequest] [name=zimbra;ua=zmprov/8.7.6_GA;soapId=634b115f;] security - cmd=AdminAuth; account=zimbra;
2021-11-16 06:20:07,623 INFO  [qtp1027007693-272:https://localhost:7071/service/admin/soap/AuthRequest] [name=zimbra;ua=zmprov/8.7.6_GA;soapId=634b115f;] security - cmd=Auth; account=zimbra; protocol=soap;
2021-11-16 06:30:07,587 INFO  [qtp1027007693-272:https://localhost:7071/service/admin/soap/AuthRequest] [name=zimbra;ua=zmprov/8.7.6_GA;soapId=634b118d;] security - cmd=AdminAuth; account=zimbra;
2021-11-16 06:30:07,588 INFO  [qtp1027007693-272:https://localhost:7071/service/admin/soap/AuthRequest] [name=zimbra;ua=zmprov/8.7.6_GA;soapId=634b118d;] security - cmd=Auth; account=zimbra; protocol=soap;
2021-11-16 06:40:07,783 INFO  [qtp1027007693-272:https://localhost:7071/service/admin/soap/AuthRequest] [name=zimbra;ua=zmprov/8.7.6_GA;soapId=634b11bb;] security - cmd=AdminAuth; account=zimbra;
2021-11-16 06:40:07,784 INFO  [qtp1027007693-272:https://localhost:7071/service/admin/soap/AuthRequest] [name=zimbra;ua=zmprov/8.7.6_GA;soapId=634b11bb;] security - cmd=Auth; account=zimbra; protocol=soap;
2021-11-16 06:50:07,754 INFO  [qtp1027007693-272:https://localhost:7071/service/admin/soap/AuthRequest] [name=zimbra;ua=zmprov/8.7.6_GA;soapId=634b11e9;] security - cmd=AdminAuth; account=zimbra;
2021-11-16 06:50:07,756 INFO  [qtp1027007693-272:https://localhost:7071/service/admin/soap/AuthRequest] [name=zimbra;ua=zmprov/8.7.6_GA;soapId=634b11e9;] security - cmd=Auth; account=zimbra; protocol=soap;
2021-11-16 07:00:09,829 INFO  [qtp1027007693-448:https://localhost:7071/service/admin/soap/AuthRequest] [name=zimbra;ua=zmprov/8.7.6_GA;soapId=634b1217;] security - cmd=AdminAuth; account=zimbra;
2021-11-16 07:00:09,831 INFO  [qtp1027007693-448:https://localhost:7071/service/admin/soap/AuthRequest] [name=zimbra;ua=zmprov/8.7.6_GA;soapId=634b1217;] security - cmd=Auth; account=zimbra; protocol=soap;
2021-11-16 07:10:08,074 INFO  [qtp1027007693-448:https://localhost:7071/service/admin/soap/AuthRequest] [name=zimbra;ua=zmprov/8.7.6_GA;soapId=634b1245;] security - cmd=AdminAuth; account=zimbra;
2021-11-16 07:10:08,076 INFO  [qtp1027007693-448:https://localhost:7071/service/admin/soap/AuthRequest] [name=zimbra;ua=zmprov/8.7.6_GA;soapId=634b1245;] security - cmd=Auth; account=zimbra; protocol=soap;
2021-11-16 07:20:06,390 INFO  [qtp1027007693-448:https://localhost:7071/service/admin/soap/AuthRequest] [name=zimbra;ua=zmprov/8.7.6_GA;soapId=634b1271;] security - cmd=AdminAuth; account=zimbra;
2021-11-16 07:20:06,401 INFO  [qtp1027007693-448:https://localhost:7071/service/admin/soap/AuthRequest] [name=zimbra;ua=zmprov/8.7.6_GA;soapId=634b1271;] security - cmd=Auth; account=zimbra; protocol=soap;
2021-11-16 07:30:04,919 INFO  [qtp1027007693-448:https://localhost:7071/service/admin/soap/AuthRequest] [name=zimbra;ua=zmprov/8.7.6_GA;soapId=634b129f;] security - cmd=AdminAuth; account=zimbra;
2021-11-16 07:30:04,920 INFO  [qtp1027007693-448:https://localhost:7071/service/admin/soap/AuthRequest] [name=zimbra;ua=zmprov/8.7.6_GA;soapId=634b129f;] security - cmd=Auth; account=zimbra; protocol=soap;
2021-11-16 07:40:04,833 INFO  [qtp1027007693-448:https://localhost:7071/service/admin/soap/AuthRequest] [name=zimbra;ua=zmprov/8.7.6_GA;soapId=634b12cd;] security - cmd=AdminAuth; account=zimbra;
2021-11-16 07:40:04,835 INFO  [qtp1027007693-448:https://localhost:7071/service/admin/soap/AuthRequest] [name=zimbra;ua=zmprov/8.7.6_GA;soapId=634b12cd;] security - cmd=Auth; account=zimbra; protocol=soap;
2021-11-16 07:50:06,671 INFO  [qtp1027007693-448:https://localhost:7071/service/admin/soap/AuthRequest] [name=zimbra;ua=zmprov/8.7.6_GA;soapId=634b12fb;] security - cmd=AdminAuth; account=zimbra;
2021-11-16 07:50:06,674 INFO  [qtp1027007693-448:https://localhost:7071/service/admin/soap/AuthRequest] [name=zimbra;ua=zmprov/8.7.6_GA;soapId=634b12fb;] security - cmd=Auth; account=zimbra; protocol=soap;
2021-11-16 08:00:05,229 INFO  [qtp1027007693-694:https://localhost:7071/service/admin/soap/AuthRequest] [name=zimbra;ua=zmprov/8.7.6_GA;soapId=634b1329;] security - cmd=AdminAuth; account=zimbra;
2021-11-16 08:00:05,234 INFO  [qtp1027007693-694:https://localhost:7071/service/admin/soap/AuthRequest] [name=zimbra;ua=zmprov/8.7.6_GA;soapId=634b1329;] security - cmd=Auth; account=zimbra; protocol=soap;
2021-11-16 08:10:04,576 INFO  [qtp1027007693-778:https://localhost:7071/service/admin/soap/AuthRequest] [name=zimbra;ua=zmprov/8.7.6_GA;soapId=634b1357;] security - cmd=AdminAuth; account=zimbra;
2021-11-16 08:10:04,577 INFO  [qtp1027007693-778:https://localhost:7071/service/admin/soap/AuthRequest] [name=zimbra;ua=zmprov/8.7.6_GA;soapId=634b1357;] security - cmd=Auth; account=zimbra; protocol=soap;
2021-11-16 08:20:05,279 INFO  [qtp1027007693-846:https://localhost:7071/service/admin/soap/AuthRequest] [name=zimbra;ua=zmprov/8.7.6_GA;soapId=634b1385;] security - cmd=AdminAuth; account=zimbra;
2021-11-16 08:20:05,280 INFO  [qtp1027007693-846:https://localhost:7071/service/admin/soap/AuthRequest] [name=zimbra;ua=zmprov/8.7.6_GA;soapId=634b1385;] security - cmd=Auth; account=zimbra; protocol=soap;
2021-11-16 08:30:08,471 INFO  [qtp1027007693-882:https://localhost:7071/service/admin/soap/AuthRequest] [name=zimbra;ua=zmprov/8.7.6_GA;soapId=634b13b3;] security - cmd=AdminAuth; account=zimbra;
2021-11-16 08:30:08,472 INFO  [qtp1027007693-882:https://localhost:7071/service/admin/soap/AuthRequest] [name=zimbra;ua=zmprov/8.7.6_GA;soapId=634b13b3;] security - cmd=Auth; account=zimbra; protocol=soap;
2021-11-16 08:40:06,993 INFO  [qtp1027007693-906:https://localhost:7071/service/admin/soap/AuthRequest] [name=zimbra;ua=zmprov/8.7.6_GA;soapId=634b13e1;] security - cmd=AdminAuth; account=zimbra;
2021-11-16 08:40:06,998 INFO  [qtp1027007693-906:https://localhost:7071/service/admin/soap/AuthRequest] [name=zimbra;ua=zmprov/8.7.6_GA;soapId=634b13e1;] security - cmd=Auth; account=zimbra; protocol=soap;
2021-11-16 08:50:07,379 INFO  [qtp1027007693-906:https://localhost:7071/service/admin/soap/AuthRequest] [name=zimbra;ua=zmprov/8.7.6_GA;soapId=634b140f;] security - cmd=AdminAuth; account=zimbra;
2021-11-16 08:50:07,382 INFO  [qtp1027007693-906:https://localhost:7071/service/admin/soap/AuthRequest] [name=zimbra;ua=zmprov/8.7.6_GA;soapId=634b140f;] security - cmd=Auth; account=zimbra; protocol=soap;
2021-11-16 09:00:07,729 INFO  [qtp1027007693-994:https://localhost:7071/service/admin/soap/AuthRequest] [name=zimbra;ua=zmprov/8.7.6_GA;soapId=634b143d;] security - cmd=AdminAuth; account=zimbra;
2021-11-16 09:00:07,734 INFO  [qtp1027007693-994:https://localhost:7071/service/admin/soap/AuthRequest] [name=zimbra;ua=zmprov/8.7.6_GA;soapId=634b143d;] security - cmd=Auth; account=zimbra; protocol=soap;
2021-11-16 09:10:07,029 INFO  [qtp1027007693-970:https://localhost:7071/service/admin/soap/AuthRequest] [name=zimbra;ua=zmprov/8.7.6_GA;soapId=634b146b;] security - cmd=AdminAuth; account=zimbra;
2021-11-16 09:10:07,032 INFO  [qtp1027007693-970:https://localhost:7071/service/admin/soap/AuthRequest] [name=zimbra;ua=zmprov/8.7.6_GA;soapId=634b146b;] security - cmd=Auth; account=zimbra; protocol=soap;
2021-11-16 09:20:13,358 INFO  [qtp1027007693-970:https://localhost:7071/service/admin/soap/AuthRequest] [name=zimbra;ua=zmprov/8.7.6_GA;soapId=634b1499;] security - cmd=AdminAuth; account=zimbra;
2021-11-16 09:20:13,366 INFO  [qtp1027007693-970:https://localhost:7071/service/admin/soap/AuthRequest] [name=zimbra;ua=zmprov/8.7.6_GA;soapId=634b1499;] security - cmd=Auth; account=zimbra; protocol=soap;
2021-11-16 09:30:07,810 INFO  [qtp1027007693-1144:https://localhost:7071/service/admin/soap/AuthRequest] [name=zimbra;ua=zmprov/8.7.6_GA;soapId=634b14c7;] security - cmd=AdminAuth; account=zimbra;
2021-11-16 09:30:07,818 INFO  [qtp1027007693-1144:https://localhost:7071/service/admin/soap/AuthRequest] [name=zimbra;ua=zmprov/8.7.6_GA;soapId=634b14c7;] security - cmd=Auth; account=zimbra; protocol=soap;
2021-11-16 09:40:06,709 INFO  [qtp1027007693-1150:https://localhost:7071/service/admin/soap/AuthRequest] [name=zimbra;ua=zmprov/8.7.6_GA;soapId=634b14f3;] security - cmd=AdminAuth; account=zimbra;
2021-11-16 09:40:06,710 INFO  [qtp1027007693-1150:https://localhost:7071/service/admin/soap/AuthRequest] [name=zimbra;ua=zmprov/8.7.6_GA;soapId=634b14f3;] security - cmd=Auth; account=zimbra; protocol=soap;
2021-11-16 09:50:06,903 INFO  [qtp1027007693-1155:https://localhost:7071/service/admin/soap/AuthRequest] [name=zimbra;ua=zmprov/8.7.6_GA;soapId=634b1521;] security - cmd=AdminAuth; account=zimbra;
2021-11-16 09:50:06,911 INFO  [qtp1027007693-1155:https://localhost:7071/service/admin/soap/AuthRequest] [name=zimbra;ua=zmprov/8.7.6_GA;soapId=634b1521;] security - cmd=Auth; account=zimbra; protocol=soap;
2021-11-16 10:00:07,387 INFO  [qtp1027007693-1286:https://localhost:7071/service/admin/soap/AuthRequest] [name=zimbra;ua=zmprov/8.7.6_GA;soapId=634b154f;] security - cmd=AdminAuth; account=zimbra;
2021-11-16 10:00:07,390 INFO  [qtp1027007693-1286:https://localhost:7071/service/admin/soap/AuthRequest] [name=zimbra;ua=zmprov/8.7.6_GA;soapId=634b154f;] security - cmd=Auth; account=zimbra; protocol=soap;
2021-11-16 10:10:07,614 INFO  [qtp1027007693-1286:https://localhost:7071/service/admin/soap/AuthRequest] [name=zimbra;ua=zmprov/8.7.6_GA;soapId=634b157d;] security - cmd=AdminAuth; account=zimbra;
2021-11-16 10:10:07,619 INFO  [qtp1027007693-1286:https://localhost:7071/service/admin/soap/AuthRequest] [name=zimbra;ua=zmprov/8.7.6_GA;soapId=634b157d;] security - cmd=Auth; account=zimbra; protocol=soap;
2021-11-16 10:20:07,437 INFO  [qtp1027007693-1286:https://localhost:7071/service/admin/soap/AuthRequest] [name=zimbra;ua=zmprov/8.7.6_GA;soapId=634b15ab;] security - cmd=AdminAuth; account=zimbra;
2021-11-16 10:20:07,448 INFO  [qtp1027007693-1286:https://localhost:7071/service/admin/soap/AuthRequest] [name=zimbra;ua=zmprov/8.7.6_GA;soapId=634b15ab;] security - cmd=Auth; account=zimbra; protocol=soap;
2021-11-16 10:30:08,146 INFO  [qtp1027007693-1370:https://localhost:7071/service/admin/soap/AuthRequest] [name=zimbra;ua=zmprov/8.7.6_GA;soapId=634b15d9;] security - cmd=AdminAuth; account=zimbra;
2021-11-16 10:30:08,154 INFO  [qtp1027007693-1370:https://localhost:7071/service/admin/soap/AuthRequest] [name=zimbra;ua=zmprov/8.7.6_GA;soapId=634b15d9;] security - cmd=Auth; account=zimbra; protocol=soap;
2021-11-16 10:40:09,721 INFO  [qtp1027007693-1370:https://localhost:7071/service/admin/soap/AuthRequest] [name=zimbra;ua=zmprov/8.7.6_GA;soapId=634b1609;] security - cmd=AdminAuth; account=zimbra;
2021-11-16 10:40:09,723 INFO  [qtp1027007693-1370:https://localhost:7071/service/admin/soap/AuthRequest] [name=zimbra;ua=zmprov/8.7.6_GA;soapId=634b1609;] security - cmd=Auth; account=zimbra; protocol=soap;
2021-11-16 10:50:06,442 INFO  [qtp1027007693-1498:https://localhost:7071/service/admin/soap/AuthRequest] [name=zimbra;ua=zmprov/8.7.6_GA;soapId=634b1635;] security - cmd=AdminAuth; account=zimbra;
2021-11-16 10:50:06,443 INFO  [qtp1027007693-1498:https://localhost:7071/service/admin/soap/AuthRequest] [name=zimbra;ua=zmprov/8.7.6_GA;soapId=634b1635;] security - cmd=Auth; account=zimbra; protocol=soap;
2021-11-16 11:00:07,584 INFO  [qtp1027007693-1498:https://localhost:7071/service/admin/soap/AuthRequest] [name=zimbra;ua=zmprov/8.7.6_GA;soapId=634b1663;] security - cmd=AdminAuth; account=zimbra;
2021-11-16 11:00:07,595 INFO  [qtp1027007693-1498:https://localhost:7071/service/admin/soap/AuthRequest] [name=zimbra;ua=zmprov/8.7.6_GA;soapId=634b1663;] security - cmd=Auth; account=zimbra; protocol=soap;
2021-11-16 11:10:07,251 INFO  [qtp1027007693-1498:https://localhost:7071/service/admin/soap/AuthRequest] [name=zimbra;ua=zmprov/8.7.6_GA;soapId=634b1691;] security - cmd=AdminAuth; account=zimbra;
2021-11-16 11:10:07,253 INFO  [qtp1027007693-1498:https://localhost:7071/service/admin/soap/AuthRequest] [name=zimbra;ua=zmprov/8.7.6_GA;soapId=634b1691;] security - cmd=Auth; account=zimbra; protocol=soap;
2021-11-16 11:20:07,415 INFO  [qtp1027007693-1498:https://localhost:7071/service/admin/soap/AuthRequest] [name=zimbra;ua=zmprov/8.7.6_GA;soapId=634b16bf;] security - cmd=AdminAuth; account=zimbra;
2021-11-16 11:20:07,416 INFO  [qtp1027007693-1498:https://localhost:7071/service/admin/soap/AuthRequest] [name=zimbra;ua=zmprov/8.7.6_GA;soapId=634b16bf;] security - cmd=Auth; account=zimbra; protocol=soap;
2021-11-16 11:30:08,219 INFO  [qtp1027007693-1498:https://localhost:7071/service/admin/soap/AuthRequest] [name=zimbra;ua=zmprov/8.7.6_GA;soapId=634b16ef;] security - cmd=AdminAuth; account=zimbra;
2021-11-16 11:30:08,221 INFO  [qtp1027007693-1498:https://localhost:7071/service/admin/soap/AuthRequest] [name=zimbra;ua=zmprov/8.7.6_GA;soapId=634b16ef;] security - cmd=Auth; account=zimbra; protocol=soap;
2021-11-16 11:40:07,575 INFO  [qtp1027007693-1672:https://localhost:7071/service/admin/soap/AuthRequest] [name=zimbra;ua=zmprov/8.7.6_GA;soapId=634b171d;] security - cmd=AdminAuth; account=zimbra;
2021-11-16 11:40:07,582 INFO  [qtp1027007693-1672:https://localhost:7071/service/admin/soap/AuthRequest] [name=zimbra;ua=zmprov/8.7.6_GA;soapId=634b171d;] security - cmd=Auth; account=zimbra; protocol=soap;
2021-11-16 11:50:09,760 INFO  [qtp1027007693-1672:https://localhost:7071/service/admin/soap/AuthRequest] [name=zimbra;ua=zmprov/8.7.6_GA;soapId=634b1749;] security - cmd=AdminAuth; account=zimbra;
2021-11-16 11:50:09,763 INFO  [qtp1027007693-1672:https://localhost:7071/service/admin/soap/AuthRequest] [name=zimbra;ua=zmprov/8.7.6_GA;soapId=634b1749;] security - cmd=Auth; account=zimbra; protocol=soap;
2021-11-16 12:00:07,918 INFO  [qtp1027007693-1757:https://localhost:7071/service/admin/soap/AuthRequest] [name=zimbra;ua=zmprov/8.7.6_GA;soapId=634b1777;] security - cmd=AdminAuth; account=zimbra;
2021-11-16 12:00:07,919 INFO  [qtp1027007693-1757:https://localhost:7071/service/admin/soap/AuthRequest] [name=zimbra;ua=zmprov/8.7.6_GA;soapId=634b1777;] security - cmd=Auth; account=zimbra; protocol=soap;
2021-11-16 12:10:07,489 INFO  [qtp1027007693-1799:https://localhost:7071/service/admin/soap/AuthRequest] [name=zimbra;ua=zmprov/8.7.6_GA;soapId=634b17a9;] security - cmd=AdminAuth; account=zimbra;
2021-11-16 12:10:07,490 INFO  [qtp1027007693-1799:https://localhost:7071/service/admin/soap/AuthRequest] [name=zimbra;ua=zmprov/8.7.6_GA;soapId=634b17a9;] security - cmd=Auth; account=zimbra; protocol=soap;
2021-11-16 12:20:05,334 INFO  [qtp1027007693-1799:https://localhost:7071/service/admin/soap/AuthRequest] [name=zimbra;ua=zmprov/8.7.6_GA;soapId=634b17d5;] security - cmd=AdminAuth; account=zimbra;
2021-11-16 12:20:05,334 INFO  [qtp1027007693-1799:https://localhost:7071/service/admin/soap/AuthRequest] [name=zimbra;ua=zmprov/8.7.6_GA;soapId=634b17d5;] security - cmd=Auth; account=zimbra; protocol=soap;
2021-11-16 12:30:04,635 INFO  [qtp1027007693-1936:https://localhost:7071/service/admin/soap/AuthRequest] [name=zimbra;ua=zmprov/8.7.6_GA;soapId=634b1803;] security - cmd=AdminAuth; account=zimbra;
2021-11-16 12:30:04,637 INFO  [qtp1027007693-1936:https://localhost:7071/service/admin/soap/AuthRequest] [name=zimbra;ua=zmprov/8.7.6_GA;soapId=634b1803;] security - cmd=Auth; account=zimbra; protocol=soap;
2021-11-16 12:40:09,801 INFO  [qtp1027007693-1936:https://localhost:7071/service/admin/soap/AuthRequest] [name=zimbra;ua=zmprov/8.7.6_GA;soapId=634b1833;] security - cmd=AdminAuth; account=zimbra;
2021-11-16 12:40:09,806 INFO  [qtp1027007693-1936:https://localhost:7071/service/admin/soap/AuthRequest] [name=zimbra;ua=zmprov/8.7.6_GA;soapId=634b1833;] security - cmd=Auth; account=zimbra; protocol=soap;
2021-11-16 12:50:06,071 INFO  [qtp1027007693-1936:https://localhost:7071/service/admin/soap/AuthRequest] [name=zimbra;ua=zmprov/8.7.6_GA;soapId=634b185f;] security - cmd=AdminAuth; account=zimbra;
2021-11-16 12:50:06,075 INFO  [qtp1027007693-1936:https://localhost:7071/service/admin/soap/AuthRequest] [name=zimbra;ua=zmprov/8.7.6_GA;soapId=634b185f;] security - cmd=Auth; account=zimbra; protocol=soap;
2021-11-16 13:00:05,678 INFO  [qtp1027007693-2070:https://localhost:7071/service/admin/soap/AuthRequest] [name=zimbra;ua=zmprov/8.7.6_GA;soapId=634b188d;] security - cmd=AdminAuth; account=zimbra;
2021-11-16 13:00:05,679 INFO  [qtp1027007693-2070:https://localhost:7071/service/admin/soap/AuthRequest] [name=zimbra;ua=zmprov/8.7.6_GA;soapId=634b188d;] security - cmd=Auth; account=zimbra; protocol=soap;
2021-11-16 13:10:07,445 INFO  [qtp1027007693-2070:https://localhost:7071/service/admin/soap/AuthRequest] [name=zimbra;ua=zmprov/8.7.6_GA;soapId=634b18bb;] security - cmd=AdminAuth; account=zimbra;
2021-11-16 13:10:07,447 INFO  [qtp1027007693-2070:https://localhost:7071/service/admin/soap/AuthRequest] [name=zimbra;ua=zmprov/8.7.6_GA;soapId=634b18bb;] security - cmd=Auth; account=zimbra; protocol=soap;
2021-11-16 13:20:06,728 INFO  [qtp1027007693-2158:https://localhost:7071/service/admin/soap/AuthRequest] [name=zimbra;ua=zmprov/8.7.6_GA;soapId=634b18e9;] security - cmd=AdminAuth; account=zimbra;
2021-11-16 13:20:06,730 INFO  [qtp1027007693-2158:https://localhost:7071/service/admin/soap/AuthRequest] [name=zimbra;ua=zmprov/8.7.6_GA;soapId=634b18e9;] security - cmd=Auth; account=zimbra; protocol=soap;
2021-11-16 13:30:06,808 INFO  [qtp1027007693-2158:https://localhost:7071/service/admin/soap/AuthRequest] [name=zimbra;ua=zmprov/8.7.6_GA;soapId=634b1917;] security - cmd=AdminAuth; account=zimbra;
2021-11-16 13:30:06,811 INFO  [qtp1027007693-2158:https://localhost:7071/service/admin/soap/AuthRequest] [name=zimbra;ua=zmprov/8.7.6_GA;soapId=634b1917;] security - cmd=Auth; account=zimbra; protocol=soap;
2021-11-16 13:40:12,131 INFO  [qtp1027007693-2158:https://localhost:7071/service/admin/soap/AuthRequest] [name=zimbra;ua=zmprov/8.7.6_GA;soapId=634b1945;] security - cmd=AdminAuth; account=zimbra;
2021-11-16 13:40:12,142 INFO  [qtp1027007693-2158:https://localhost:7071/service/admin/soap/AuthRequest] [name=zimbra;ua=zmprov/8.7.6_GA;soapId=634b1945;] security - cmd=Auth; account=zimbra; protocol=soap;
2021-11-16 13:50:06,742 INFO  [qtp1027007693-2292:https://localhost:7071/service/admin/soap/AuthRequest] [name=zimbra;ua=zmprov/8.7.6_GA;soapId=634b1973;] security - cmd=AdminAuth; account=zimbra;
2021-11-16 13:50:06,743 INFO  [qtp1027007693-2292:https://localhost:7071/service/admin/soap/AuthRequest] [name=zimbra;ua=zmprov/8.7.6_GA;soapId=634b1973;] security - cmd=Auth; account=zimbra; protocol=soap;
2021-11-16 14:00:07,013 INFO  [qtp1027007693-2292:https://localhost:7071/service/admin/soap/AuthRequest] [name=zimbra;ua=zmprov/8.7.6_GA;soapId=634b19a1;] security - cmd=AdminAuth; account=zimbra;
2021-11-16 14:00:07,016 INFO  [qtp1027007693-2292:https://localhost:7071/service/admin/soap/AuthRequest] [name=zimbra;ua=zmprov/8.7.6_GA;soapId=634b19a1;] security - cmd=Auth; account=zimbra; protocol=soap;
2021-11-16 14:10:07,893 INFO  [qtp1027007693-2326:https://localhost:7071/service/admin/soap/AuthRequest] [name=zimbra;ua=zmprov/8.7.6_GA;soapId=634b19cf;] security - cmd=AdminAuth; account=zimbra;
2021-11-16 14:10:07,895 INFO  [qtp1027007693-2326:https://localhost:7071/service/admin/soap/AuthRequest] [name=zimbra;ua=zmprov/8.7.6_GA;soapId=634b19cf;] security - cmd=Auth; account=zimbra; protocol=soap;
2021-11-16 14:20:08,047 INFO  [qtp1027007693-2326:https://localhost:7071/service/admin/soap/AuthRequest] [name=zimbra;ua=zmprov/8.7.6_GA;soapId=634b19fd;] security - cmd=AdminAuth; account=zimbra;
2021-11-16 14:20:08,056 INFO  [qtp1027007693-2326:https://localhost:7071/service/admin/soap/AuthRequest] [name=zimbra;ua=zmprov/8.7.6_GA;soapId=634b19fd;] security - cmd=Auth; account=zimbra; protocol=soap;
2021-11-16 14:30:10,761 INFO  [qtp1027007693-2458:https://localhost:7071/service/admin/soap/AuthRequest] [name=zimbra;ua=zmprov/8.7.6_GA;soapId=634b1a2b;] security - cmd=AdminAuth; account=zimbra;
2021-11-16 14:30:10,773 INFO  [qtp1027007693-2458:https://localhost:7071/service/admin/soap/AuthRequest] [name=zimbra;ua=zmprov/8.7.6_GA;soapId=634b1a2b;] security - cmd=Auth; account=zimbra; protocol=soap;
2021-11-16 14:40:07,377 INFO  [qtp1027007693-2326:https://localhost:7071/service/admin/soap/AuthRequest] [name=zimbra;ua=zmprov/8.7.6_GA;soapId=634b1a59;] security - cmd=AdminAuth; account=zimbra;
2021-11-16 14:40:07,381 INFO  [qtp1027007693-2326:https://localhost:7071/service/admin/soap/AuthRequest] [name=zimbra;ua=zmprov/8.7.6_GA;soapId=634b1a59;] security - cmd=Auth; account=zimbra; protocol=soap;
2021-11-16 14:50:06,973 INFO  [qtp1027007693-2326:https://localhost:7071/service/admin/soap/AuthRequest] [name=zimbra;ua=zmprov/8.7.6_GA;soapId=634b1a87;] security - cmd=AdminAuth; account=zimbra;
2021-11-16 14:50:06,974 INFO  [qtp1027007693-2326:https://localhost:7071/service/admin/soap/AuthRequest] [name=zimbra;ua=zmprov/8.7.6_GA;soapId=634b1a87;] security - cmd=Auth; account=zimbra; protocol=soap;
2021-11-16 15:00:06,819 INFO  [qtp1027007693-2560:https://localhost:7071/service/admin/soap/AuthRequest] [name=zimbra;ua=zmprov/8.7.6_GA;soapId=634b1ab5;] security - cmd=AdminAuth; account=zimbra;
2021-11-16 15:00:06,820 INFO  [qtp1027007693-2560:https://localhost:7071/service/admin/soap/AuthRequest] [name=zimbra;ua=zmprov/8.7.6_GA;soapId=634b1ab5;] security - cmd=Auth; account=zimbra; protocol=soap;
2021-11-16 15:10:06,927 INFO  [qtp1027007693-2637:https://localhost:7071/service/admin/soap/AuthRequest] [name=zimbra;ua=zmprov/8.7.6_GA;soapId=634b1ae3;] security - cmd=AdminAuth; account=zimbra;
2021-11-16 15:10:06,928 INFO  [qtp1027007693-2637:https://localhost:7071/service/admin/soap/AuthRequest] [name=zimbra;ua=zmprov/8.7.6_GA;soapId=634b1ae3;] security - cmd=Auth; account=zimbra; protocol=soap;
2021-11-16 15:20:06,708 INFO  [qtp1027007693-2637:https://localhost:7071/service/admin/soap/AuthRequest] [name=zimbra;ua=zmprov/8.7.6_GA;soapId=634b1b11;] security - cmd=AdminAuth; account=zimbra;
2021-11-16 15:20:06,709 INFO  [qtp1027007693-2637:https://localhost:7071/service/admin/soap/AuthRequest] [name=zimbra;ua=zmprov/8.7.6_GA;soapId=634b1b11;] security - cmd=Auth; account=zimbra; protocol=soap;
2021-11-16 15:30:06,859 INFO  [qtp1027007693-2690:https://localhost:7071/service/admin/soap/AuthRequest] [name=zimbra;ua=zmprov/8.7.6_GA;soapId=634b1b3f;] security - cmd=AdminAuth; account=zimbra;
2021-11-16 15:30:06,860 INFO  [qtp1027007693-2690:https://localhost:7071/service/admin/soap/AuthRequest] [name=zimbra;ua=zmprov/8.7.6_GA;soapId=634b1b3f;] security - cmd=Auth; account=zimbra; protocol=soap;
2021-11-16 15:40:07,130 INFO  [qtp1027007693-2690:https://localhost:7071/service/admin/soap/AuthRequest] [name=zimbra;ua=zmprov/8.7.6_GA;soapId=634b1b6d;] security - cmd=AdminAuth; account=zimbra;
2021-11-16 15:40:07,131 INFO  [qtp1027007693-2690:https://localhost:7071/service/admin/soap/AuthRequest] [name=zimbra;ua=zmprov/8.7.6_GA;soapId=634b1b6d;] security - cmd=Auth; account=zimbra; protocol=soap;
2021-11-16 15:50:06,589 INFO  [qtp1027007693-2758:https://localhost:7071/service/admin/soap/AuthRequest] [name=zimbra;ua=zmprov/8.7.6_GA;soapId=634b1b9b;] security - cmd=AdminAuth; account=zimbra;
2021-11-16 15:50:06,591 INFO  [qtp1027007693-2758:https://localhost:7071/service/admin/soap/AuthRequest] [name=zimbra;ua=zmprov/8.7.6_GA;soapId=634b1b9b;] security - cmd=Auth; account=zimbra; protocol=soap;
2021-11-16 16:00:06,922 INFO  [qtp1027007693-2758:https://localhost:7071/service/admin/soap/AuthRequest] [name=zimbra;ua=zmprov/8.7.6_GA;soapId=634b1bc9;] security - cmd=AdminAuth; account=zimbra;
2021-11-16 16:00:06,923 INFO  [qtp1027007693-2758:https://localhost:7071/service/admin/soap/AuthRequest] [name=zimbra;ua=zmprov/8.7.6_GA;soapId=634b1bc9;] security - cmd=Auth; account=zimbra; protocol=soap;
2021-11-16 16:10:06,958 INFO  [qtp1027007693-2758:https://localhost:7071/service/admin/soap/AuthRequest] [name=zimbra;ua=zmprov/8.7.6_GA;soapId=634b1bf7;] security - cmd=AdminAuth; account=zimbra;
2021-11-16 16:10:06,963 INFO  [qtp1027007693-2758:https://localhost:7071/service/admin/soap/AuthRequest] [name=zimbra;ua=zmprov/8.7.6_GA;soapId=634b1bf7;] security - cmd=Auth; account=zimbra; protocol=soap;
2021-11-16 16:20:07,742 INFO  [qtp1027007693-2758:https://localhost:7071/service/admin/soap/AuthRequest] [name=zimbra;ua=zmprov/8.7.6_GA;soapId=634b1c25;] security - cmd=AdminAuth; account=zimbra;
2021-11-16 16:20:07,747 INFO  [qtp1027007693-2758:https://localhost:7071/service/admin/soap/AuthRequest] [name=zimbra;ua=zmprov/8.7.6_GA;soapId=634b1c25;] security - cmd=Auth; account=zimbra; protocol=soap;
2021-11-16 16:30:06,837 INFO  [qtp1027007693-2997:https://localhost:7071/service/admin/soap/AuthRequest] [name=zimbra;ua=zmprov/8.7.6_GA;soapId=634b1c53;] security - cmd=AdminAuth; account=zimbra;
2021-11-16 16:30:06,838 INFO  [qtp1027007693-2997:https://localhost:7071/service/admin/soap/AuthRequest] [name=zimbra;ua=zmprov/8.7.6_GA;soapId=634b1c53;] security - cmd=Auth; account=zimbra; protocol=soap;
2021-11-16 16:40:06,422 INFO  [qtp1027007693-2997:https://localhost:7071/service/admin/soap/AuthRequest] [name=zimbra;ua=zmprov/8.7.6_GA;soapId=634b1c81;] security - cmd=AdminAuth; account=zimbra;
2021-11-16 16:40:06,423 INFO  [qtp1027007693-2997:https://localhost:7071/service/admin/soap/AuthRequest] [name=zimbra;ua=zmprov/8.7.6_GA;soapId=634b1c81;] security - cmd=Auth; account=zimbra; protocol=soap;
2021-11-16 16:50:06,740 INFO  [qtp1027007693-2997:https://localhost:7071/service/admin/soap/AuthRequest] [name=zimbra;ua=zmprov/8.7.6_GA;soapId=634b1caf;] security - cmd=AdminAuth; account=zimbra;
2021-11-16 16:50:06,742 INFO  [qtp1027007693-2997:https://localhost:7071/service/admin/soap/AuthRequest] [name=zimbra;ua=zmprov/8.7.6_GA;soapId=634b1caf;] security - cmd=Auth; account=zimbra; protocol=soap;
2021-11-16 17:00:06,828 INFO  [qtp1027007693-3036:https://localhost:7071/service/admin/soap/AuthRequest] [name=zimbra;ua=zmprov/8.7.6_GA;soapId=634b1cdd;] security - cmd=AdminAuth; account=zimbra;
2021-11-16 17:00:06,830 INFO  [qtp1027007693-3036:https://localhost:7071/service/admin/soap/AuthRequest] [name=zimbra;ua=zmprov/8.7.6_GA;soapId=634b1cdd;] security - cmd=Auth; account=zimbra; protocol=soap;
2021-11-16 17:10:07,073 INFO  [qtp1027007693-3036:https://localhost:7071/service/admin/soap/AuthRequest] [name=zimbra;ua=zmprov/8.7.6_GA;soapId=634b1d0b;] security - cmd=AdminAuth; account=zimbra;
2021-11-16 17:10:07,074 INFO  [qtp1027007693-3036:https://localhost:7071/service/admin/soap/AuthRequest] [name=zimbra;ua=zmprov/8.7.6_GA;soapId=634b1d0b;] security - cmd=Auth; account=zimbra; protocol=soap;
2021-11-16 17:20:07,082 INFO  [qtp1027007693-3171:https://localhost:7071/service/admin/soap/AuthRequest] [name=zimbra;ua=zmprov/8.7.6_GA;soapId=634b1d39;] security - cmd=AdminAuth; account=zimbra;
2021-11-16 17:20:07,090 INFO  [qtp1027007693-3171:https://localhost:7071/service/admin/soap/AuthRequest] [name=zimbra;ua=zmprov/8.7.6_GA;soapId=634b1d39;] security - cmd=Auth; account=zimbra; protocol=soap;
2021-11-16 17:30:07,361 INFO  [qtp1027007693-3219:https://localhost:7071/service/admin/soap/AuthRequest] [name=zimbra;ua=zmprov/8.7.6_GA;soapId=634b1d67;] security - cmd=AdminAuth; account=zimbra;
2021-11-16 17:30:07,362 INFO  [qtp1027007693-3219:https://localhost:7071/service/admin/soap/AuthRequest] [name=zimbra;ua=zmprov/8.7.6_GA;soapId=634b1d67;] security - cmd=Auth; account=zimbra; protocol=soap;
2021-11-16 17:40:07,138 INFO  [qtp1027007693-3219:https://localhost:7071/service/admin/soap/AuthRequest] [name=zimbra;ua=zmprov/8.7.6_GA;soapId=634b1d95;] security - cmd=AdminAuth; account=zimbra;
2021-11-16 17:40:07,139 INFO  [qtp1027007693-3219:https://localhost:7071/service/admin/soap/AuthRequest] [name=zimbra;ua=zmprov/8.7.6_GA;soapId=634b1d95;] security - cmd=Auth; account=zimbra; protocol=soap;
2021-11-16 17:50:07,964 INFO  [qtp1027007693-3305:https://localhost:7071/service/admin/soap/AuthRequest] [name=zimbra;ua=zmprov/8.7.6_GA;soapId=634b1dc3;] security - cmd=AdminAuth; account=zimbra;
2021-11-16 17:50:07,966 INFO  [qtp1027007693-3305:https://localhost:7071/service/admin/soap/AuthRequest] [name=zimbra;ua=zmprov/8.7.6_GA;soapId=634b1dc3;] security - cmd=Auth; account=zimbra; protocol=soap;
2021-11-16 18:00:07,352 INFO  [qtp1027007693-3381:https://localhost:7071/service/admin/soap/AuthRequest] [name=zimbra;ua=zmprov/8.7.6_GA;soapId=634b1df1;] security - cmd=AdminAuth; account=zimbra;
2021-11-16 18:00:07,353 INFO  [qtp1027007693-3381:https://localhost:7071/service/admin/soap/AuthRequest] [name=zimbra;ua=zmprov/8.7.6_GA;soapId=634b1df1;] security - cmd=Auth; account=zimbra; protocol=soap;
2021-11-16 18:10:07,974 INFO  [qtp1027007693-3402:https://localhost:7071/service/admin/soap/AuthRequest] [name=zimbra;ua=zmprov/8.7.6_GA;soapId=634b1e1f;] security - cmd=AdminAuth; account=zimbra;
2021-11-16 18:10:07,975 INFO  [qtp1027007693-3402:https://localhost:7071/service/admin/soap/AuthRequest] [name=zimbra;ua=zmprov/8.7.6_GA;soapId=634b1e1f;] security - cmd=Auth; account=zimbra; protocol=soap;
2021-11-16 18:20:04,646 INFO  [qtp1027007693-3402:https://localhost:7071/service/admin/soap/AuthRequest] [name=zimbra;ua=zmprov/8.7.6_GA;soapId=634b1e4b;] security - cmd=AdminAuth; account=zimbra;
2021-11-16 18:20:04,646 INFO  [qtp1027007693-3402:https://localhost:7071/service/admin/soap/AuthRequest] [name=zimbra;ua=zmprov/8.7.6_GA;soapId=634b1e4b;] security - cmd=Auth; account=zimbra; protocol=soap;
2021-11-16 18:30:04,392 INFO  [qtp1027007693-3402:https://localhost:7071/service/admin/soap/AuthRequest] [name=zimbra;ua=zmprov/8.7.6_GA;soapId=634b1e79;] security - cmd=AdminAuth; account=zimbra;
2021-11-16 18:30:04,393 INFO  [qtp1027007693-3402:https://localhost:7071/service/admin/soap/AuthRequest] [name=zimbra;ua=zmprov/8.7.6_GA;soapId=634b1e79;] security - cmd=Auth; account=zimbra; protocol=soap;
2021-11-16 18:40:04,942 INFO  [qtp1027007693-3402:https://localhost:7071/service/admin/soap/AuthRequest] [name=zimbra;ua=zmprov/8.7.6_GA;soapId=634b1ea7;] security - cmd=AdminAuth; account=zimbra;
2021-11-16 18:40:04,943 INFO  [qtp1027007693-3402:https://localhost:7071/service/admin/soap/AuthRequest] [name=zimbra;ua=zmprov/8.7.6_GA;soapId=634b1ea7;] security - cmd=Auth; account=zimbra; protocol=soap;
2021-11-16 18:50:06,724 INFO  [qtp1027007693-3599:https://localhost:7071/service/admin/soap/AuthRequest] [name=zimbra;ua=zmprov/8.7.6_GA;soapId=634b1ed5;] security - cmd=AdminAuth; account=zimbra;
2021-11-16 18:50:06,725 INFO  [qtp1027007693-3599:https://localhost:7071/service/admin/soap/AuthRequest] [name=zimbra;ua=zmprov/8.7.6_GA;soapId=634b1ed5;] security - cmd=Auth; account=zimbra; protocol=soap;
2021-11-16 19:00:06,857 INFO  [qtp1027007693-3402:https://localhost:7071/service/admin/soap/AuthRequest] [name=zimbra;ua=zmprov/8.7.6_GA;soapId=634b1f03;] security - cmd=AdminAuth; account=zimbra;
2021-11-16 19:00:06,858 INFO  [qtp1027007693-3402:https://localhost:7071/service/admin/soap/AuthRequest] [name=zimbra;ua=zmprov/8.7.6_GA;soapId=634b1f03;] security - cmd=Auth; account=zimbra; protocol=soap;
2021-11-16 19:10:06,159 INFO  [qtp1027007693-3696:https://localhost:7071/service/admin/soap/AuthRequest] [name=zimbra;ua=zmprov/8.7.6_GA;soapId=634b1f31;] security - cmd=AdminAuth; account=zimbra;
2021-11-16 19:10:06,161 INFO  [qtp1027007693-3696:https://localhost:7071/service/admin/soap/AuthRequest] [name=zimbra;ua=zmprov/8.7.6_GA;soapId=634b1f31;] security - cmd=Auth; account=zimbra; protocol=soap;
2021-11-16 19:20:05,915 INFO  [qtp1027007693-3696:https://localhost:7071/service/admin/soap/AuthRequest] [name=zimbra;ua=zmprov/8.7.6_GA;soapId=634b1f5f;] security - cmd=AdminAuth; account=zimbra;
2021-11-16 19:20:05,920 INFO  [qtp1027007693-3696:https://localhost:7071/service/admin/soap/AuthRequest] [name=zimbra;ua=zmprov/8.7.6_GA;soapId=634b1f5f;] security - cmd=Auth; account=zimbra; protocol=soap;
2021-11-16 19:30:06,531 INFO  [qtp1027007693-3696:https://localhost:7071/service/admin/soap/AuthRequest] [name=zimbra;ua=zmprov/8.7.6_GA;soapId=634b1f8d;] security - cmd=AdminAuth; account=zimbra;
2021-11-16 19:30:06,532 INFO  [qtp1027007693-3696:https://localhost:7071/service/admin/soap/AuthRequest] [name=zimbra;ua=zmprov/8.7.6_GA;soapId=634b1f8d;] security - cmd=Auth; account=zimbra; protocol=soap;
2021-11-16 19:40:07,564 INFO  [qtp1027007693-3696:https://localhost:7071/service/admin/soap/AuthRequest] [name=zimbra;ua=zmprov/8.7.6_GA;soapId=634b1fbb;] security - cmd=AdminAuth; account=zimbra;
2021-11-16 19:40:07,565 INFO  [qtp1027007693-3696:https://localhost:7071/service/admin/soap/AuthRequest] [name=zimbra;ua=zmprov/8.7.6_GA;soapId=634b1fbb;] security - cmd=Auth; account=zimbra; protocol=soap;
2021-11-16 19:50:06,155 INFO  [qtp1027007693-3833:https://localhost:7071/service/admin/soap/AuthRequest] [name=zimbra;ua=zmprov/8.7.6_GA;soapId=634b1fe9;] security - cmd=AdminAuth; account=zimbra;
2021-11-16 19:50:06,156 INFO  [qtp1027007693-3833:https://localhost:7071/service/admin/soap/AuthRequest] [name=zimbra;ua=zmprov/8.7.6_GA;soapId=634b1fe9;] security - cmd=Auth; account=zimbra; protocol=soap;
2021-11-16 20:00:07,021 INFO  [qtp1027007693-3824:https://localhost:7071/service/admin/soap/AuthRequest] [name=zimbra;ua=zmprov/8.7.6_GA;soapId=634b2017;] security - cmd=AdminAuth; account=zimbra;
2021-11-16 20:00:07,023 INFO  [qtp1027007693-3824:https://localhost:7071/service/admin/soap/AuthRequest] [name=zimbra;ua=zmprov/8.7.6_GA;soapId=634b2017;] security - cmd=Auth; account=zimbra; protocol=soap;
2021-11-16 20:10:05,694 INFO  [qtp1027007693-3824:https://localhost:7071/service/admin/soap/AuthRequest] [name=zimbra;ua=zmprov/8.7.6_GA;soapId=634b2032;] security - cmd=AdminAuth; account=zimbra;
2021-11-16 20:10:05,712 INFO  [qtp1027007693-3824:https://localhost:7071/service/admin/soap/AuthRequest] [name=zimbra;ua=zmprov/8.7.6_GA;soapId=634b2032;] security - cmd=Auth; account=zimbra; protocol=soap;
2021-11-16 20:20:05,260 INFO  [qtp1027007693-3824:https://localhost:7071/service/admin/soap/AuthRequest] [name=zimbra;ua=zmprov/8.7.6_GA;soapId=634b2034;] security - cmd=AdminAuth; account=zimbra;
2021-11-16 20:20:05,261 INFO  [qtp1027007693-3824:https://localhost:7071/service/admin/soap/AuthRequest] [name=zimbra;ua=zmprov/8.7.6_GA;soapId=634b2034;] security - cmd=Auth; account=zimbra; protocol=soap;
2021-11-16 20:30:04,972 INFO  [qtp1027007693-3955:https://localhost:7071/service/admin/soap/AuthRequest] [name=zimbra;ua=zmprov/8.7.6_GA;soapId=634b2036;] security - cmd=AdminAuth; account=zimbra;
2021-11-16 20:30:04,973 INFO  [qtp1027007693-3955:https://localhost:7071/service/admin/soap/AuthRequest] [name=zimbra;ua=zmprov/8.7.6_GA;soapId=634b2036;] security - cmd=Auth; account=zimbra; protocol=soap;
2021-11-16 20:40:05,442 INFO  [qtp1027007693-3959:https://localhost:7071/service/admin/soap/AuthRequest] [name=zimbra;ua=zmprov/8.7.6_GA;soapId=634b2038;] security - cmd=AdminAuth; account=zimbra;
2021-11-16 20:40:05,443 INFO  [qtp1027007693-3959:https://localhost:7071/service/admin/soap/AuthRequest] [name=zimbra;ua=zmprov/8.7.6_GA;soapId=634b2038;] security - cmd=Auth; account=zimbra; protocol=soap;
2021-11-16 20:50:06,801 INFO  [qtp1027007693-3959:https://localhost:7071/service/admin/soap/AuthRequest] [name=zimbra;ua=zmprov/8.7.6_GA;soapId=634b203a;] security - cmd=AdminAuth; account=zimbra;
2021-11-16 20:50:06,802 INFO  [qtp1027007693-3959:https://localhost:7071/service/admin/soap/AuthRequest] [name=zimbra;ua=zmprov/8.7.6_GA;soapId=634b203a;] security - cmd=Auth; account=zimbra; protocol=soap;
2021-11-16 20:52:44,494 INFO  [qtp1027007693-3959:https://localhost:7071/service/admin/soap/AuthRequest] [name=zimbra;ua=zmprov/8.7.6_GA;soapId=634b203c;] security - cmd=AdminAuth; account=zimbra;
2021-11-16 20:52:44,494 INFO  [qtp1027007693-3959:https://localhost:7071/service/admin/soap/AuthRequest] [name=zimbra;ua=zmprov/8.7.6_GA;soapId=634b203c;] security - cmd=Auth; account=zimbra; protocol=soap;
2021-11-16 20:53:04,834 INFO  [qtp1027007693-3967:https://localhost:7071/service/admin/soap/AuthRequest] [name=zimbra;ua=zmprov/8.7.6_GA;soapId=634b203e;] security - cmd=AdminAuth; account=zimbra;
2021-11-16 20:53:04,835 INFO  [qtp1027007693-3967:https://localhost:7071/service/admin/soap/AuthRequest] [name=zimbra;ua=zmprov/8.7.6_GA;soapId=634b203e;] security - cmd=Auth; account=zimbra; protocol=soap;
2021-11-16 20:53:14,739 INFO  [qtp1027007693-3959:https://localhost:7071/service/admin/soap/AuthRequest] [name=zimbra;ua=zmprov/8.7.6_GA;soapId=634b2040;] security - cmd=AdminAuth; account=zimbra;
2021-11-16 20:53:14,740 INFO  [qtp1027007693-3959:https://localhost:7071/service/admin/soap/AuthRequest] [name=zimbra;ua=zmprov/8.7.6_GA;soapId=634b2040;] security - cmd=Auth; account=zimbra; protocol=soap;
2021-11-16 20:53:27,717 INFO  [qtp1027007693-3967:https://localhost:7071/service/admin/soap/AuthRequest] [name=zimbra;ua=zmprov/8.7.6_GA;soapId=634b2042;] security - cmd=AdminAuth; account=zimbra;
2021-11-16 20:53:27,718 INFO  [qtp1027007693-3967:https://localhost:7071/service/admin/soap/AuthRequest] [name=zimbra;ua=zmprov/8.7.6_GA;soapId=634b2042;] security - cmd=Auth; account=zimbra; protocol=soap;
2021-11-16 20:55:37,008 INFO  [qtp1027007693-3977:https://localhost:7071/service/admin/soap/AuthRequest] [name=zimbra;ua=ZCS/8.7.6_GA;soapId=634b2048;] security - cmd=AdminAuth; account=zimbra;
2021-11-16 20:55:37,015 INFO  [qtp1027007693-3977:https://localhost:7071/service/admin/soap/AuthRequest] [name=zimbra;ua=ZCS/8.7.6_GA;soapId=634b2048;] security - cmd=Auth; account=zimbra; protocol=soap;
2021-11-16 20:55:37,043 INFO  [qtp1027007693-17://localhost:8080/service/soap/BatchRequest] [name=admin@mail.nhk.com;oip=192.168.1.9;ua=zclient/8.7.6_GA;soapId=634b204a;] security - cmd=Auth; account=admin@mail.nhk.com; protocol=soap;
2021-11-16 21:01:46,655 INFO  [qtp1027007693-20:https://localhost:7071/service/admin/soap/AuthRequest] [name=zimbra;ua=ZCS/8.7.6_GA;soapId=66b6c697;] security - cmd=AdminAuth; account=zimbra;
2021-11-16 21:01:46,766 INFO  [qtp1027007693-20:https://localhost:7071/service/admin/soap/AuthRequest] [name=zimbra;ua=ZCS/8.7.6_GA;soapId=66b6c697;] security - cmd=Auth; account=zimbra; protocol=soap;
2021-11-16 21:01:52,419 INFO  [qtp1027007693-20:https://localhost:7071/service/admin/soap/AuthRequest] [name=zimbra;ua=ZCS/8.7.6_GA;soapId=66b6c69a;] security - cmd=AdminAuth; account=zimbra;
2021-11-16 21:01:52,425 INFO  [qtp1027007693-20:https://localhost:7071/service/admin/soap/AuthRequest] [name=zimbra;ua=ZCS/8.7.6_GA;soapId=66b6c69a;] security - cmd=Auth; account=zimbra; protocol=soap;
2021-11-16 21:02:20,932 INFO  [qtp1027007693-20:https://localhost:7071/service/admin/soap/AuthRequest] [name=zimbra;ua=ZCS/8.7.6_GA;soapId=66b6c6aa;] security - cmd=AdminAuth; account=zimbra;
2021-11-16 21:02:20,934 INFO  [qtp1027007693-20:https://localhost:7071/service/admin/soap/AuthRequest] [name=zimbra;ua=ZCS/8.7.6_GA;soapId=66b6c6aa;] security - cmd=Auth; account=zimbra; protocol=soap;
2021-11-16 21:02:20,973 INFO  [qtp1027007693-18://localhost:8080/service/soap/BatchRequest] [name=admin@mail.nhk.com;oip=192.168.1.9;ua=zclient/8.7.6_GA;soapId=66b6c6ac;] security - cmd=Auth; account=admin@mail.nhk.com; protocol=soap;
2021-11-16 21:11:20,291 INFO  [qtp1027007693-120:https://localhost:7071/service/admin/soap/AuthRequest] [name=zimbra;ua=ZCS/8.7.6_GA;soapId=5d0c7881;] security - cmd=AdminAuth; account=zimbra;
2021-11-16 21:11:20,389 INFO  [qtp1027007693-120:https://localhost:7071/service/admin/soap/AuthRequest] [name=zimbra;ua=ZCS/8.7.6_GA;soapId=5d0c7881;] security - cmd=Auth; account=zimbra; protocol=soap;
2021-11-16 21:11:28,952 INFO  [qtp1027007693-120:https://localhost:7071/service/admin/soap/AuthRequest] [name=zimbra;ua=ZCS/8.7.6_GA;soapId=5d0c7884;] security - cmd=AdminAuth; account=zimbra;
2021-11-16 21:11:28,954 INFO  [qtp1027007693-120:https://localhost:7071/service/admin/soap/AuthRequest] [name=zimbra;ua=ZCS/8.7.6_GA;soapId=5d0c7884;] security - cmd=Auth; account=zimbra; protocol=soap;
2021-11-16 21:11:59,874 INFO  [qtp1027007693-17:https://localhost:7071/service/admin/soap/AuthRequest] [name=zimbra;ua=ZCS/8.7.6_GA;soapId=5d0c7892;] security - cmd=AdminAuth; account=zimbra;
2021-11-16 21:11:59,877 INFO  [qtp1027007693-17:https://localhost:7071/service/admin/soap/AuthRequest] [name=zimbra;ua=ZCS/8.7.6_GA;soapId=5d0c7892;] security - cmd=Auth; account=zimbra; protocol=soap;
2021-11-16 21:11:59,929 INFO  [qtp1027007693-20://localhost:8080/service/soap/BatchRequest] [name=admin@mail.nhk.com;oip=192.168.1.9;ua=zclient/8.7.6_GA;soapId=5d0c7894;] security - cmd=Auth; account=admin@mail.nhk.com; protocol=soap;
2021-11-16 21:20:05,381 INFO  [qtp1027007693-17:https://localhost:7071/service/admin/soap/AuthRequest] [name=zimbra;ua=zmprov/8.7.6_GA;soapId=5d0c78db;] security - cmd=AdminAuth; account=zimbra;
2021-11-16 21:20:05,387 INFO  [qtp1027007693-17:https://localhost:7071/service/admin/soap/AuthRequest] [name=zimbra;ua=zmprov/8.7.6_GA;soapId=5d0c78db;] security - cmd=Auth; account=zimbra; protocol=soap;
2021-11-16 21:26:02,800 INFO  [qtp1027007693-17:https://localhost:7071/service/admin/soap/AuthRequest] [name=zimbra;ua=ZCS/8.7.6_GA;soapId=5d0c78fb;] security - cmd=AdminAuth; account=zimbra;
2021-11-16 21:26:02,805 INFO  [qtp1027007693-17:https://localhost:7071/service/admin/soap/AuthRequest] [name=zimbra;ua=ZCS/8.7.6_GA;soapId=5d0c78fb;] security - cmd=Auth; account=zimbra; protocol=soap;
2021-11-16 21:26:16,796 INFO  [qtp1027007693-213:https://192.168.1.9:7071/service/admin/soap/AuthRequest] [name=admin@mail.nhk.com;ip=192.168.1.2;port=1629;ua=ZimbraWebClient - GC80 (Win);soapId=5d0c7905;] security - cmd=AdminAuth; account=admin;
2021-11-16 21:26:16,797 INFO  [qtp1027007693-213:https://192.168.1.9:7071/service/admin/soap/AuthRequest] [name=admin@mail.nhk.com;ip=192.168.1.2;port=1629;ua=ZimbraWebClient - GC80 (Win);soapId=5d0c7905;] security - cmd=Auth; account=admin@mail.nhk.com; protocol=soap;
2021-11-16 21:26:48,429 INFO  [qtp1027007693-127://localhost:8080/service/soap/BatchRequest] [name=admin@mail.nhk.com;oip=192.168.1.9;ua=zclient/8.7.6_GA;soapId=5d0c792a;] security - cmd=Auth; account=admin@mail.nhk.com; protocol=soap;
2021-11-16 21:28:13,747 INFO  [qtp1027007693-182:https://192.168.1.9:7071/service/admin/soap/BatchRequest] [name=admin@mail.nhk.com;mid=4;ip=192.168.1.2;port=1673;ua=ZimbraWebClient - GC80 (Win);soapId=5d0c79b2;] security - cmd=ModifyConfig; zimbraFileUploadMaxSize=104857600;
2021-11-16 21:30:05,919 INFO  [qtp1027007693-265:https://localhost:7071/service/admin/soap/AuthRequest] [name=zimbra;ua=zmprov/8.7.6_GA;soapId=5d0c79be;] security - cmd=AdminAuth; account=zimbra;
2021-11-16 21:30:05,921 INFO  [qtp1027007693-265:https://localhost:7071/service/admin/soap/AuthRequest] [name=zimbra;ua=zmprov/8.7.6_GA;soapId=5d0c79be;] security - cmd=Auth; account=zimbra; protocol=soap;
2021-11-16 21:40:05,226 INFO  [qtp1027007693-423:https://localhost:7071/service/admin/soap/AuthRequest] [name=zimbra;ua=zmprov/8.7.6_GA;soapId=5d0c79f1;] security - cmd=AdminAuth; account=zimbra;
2021-11-16 21:40:05,229 INFO  [qtp1027007693-423:https://localhost:7071/service/admin/soap/AuthRequest] [name=zimbra;ua=zmprov/8.7.6_GA;soapId=5d0c79f1;] security - cmd=Auth; account=zimbra; protocol=soap;
